<?xml version="1.0" encoding="UTF-8"?>
<!-- Generated by org.testng.reporters.JUnitReportReporter -->
<testsuite hostname="PROBOOK" failures="0" tests="1" name="objectrepository.ElementsTest" time="42.228" errors="0" timestamp="2023-12-27T19:30:03 IST" skipped="0">
  <testcase classname="objectrepository.ElementsTest" name="signup" time="42.228">
    <system-out>
      <![CDATA[signup]]>
    </system-out>
  </testcase> <!-- signup -->
  <system-out>
    <![CDATA[signup]]>
  </system-out>
</testsuite> <!-- objectrepository.ElementsTest -->
